Traceback (most recent call last):
  File "/Users/sophiaengstler/opt/anaconda3/envs/jbook/lib/python3.7/site-packages/jupyter_cache/executors/utils.py", line 56, in single_nb_execution
    record_timing=False,
  File "/Users/sophiaengstler/opt/anaconda3/envs/jbook/lib/python3.7/site-packages/nbclient/client.py", line 1117, in execute
    return NotebookClient(nb=nb, resources=resources, km=km, **kwargs).execute()
  File "/Users/sophiaengstler/opt/anaconda3/envs/jbook/lib/python3.7/site-packages/nbclient/util.py", line 78, in wrapped
    return just_run(coro(*args, **kwargs))
  File "/Users/sophiaengstler/opt/anaconda3/envs/jbook/lib/python3.7/site-packages/nbclient/util.py", line 57, in just_run
    return loop.run_until_complete(coro)
  File "/Users/sophiaengstler/opt/anaconda3/envs/jbook/lib/python3.7/asyncio/base_events.py", line 587, in run_until_complete
    return future.result()
  File "/Users/sophiaengstler/opt/anaconda3/envs/jbook/lib/python3.7/site-packages/nbclient/client.py", line 559, in async_execute
    cell, index, execution_count=self.code_cells_executed + 1
  File "/Users/sophiaengstler/opt/anaconda3/envs/jbook/lib/python3.7/site-packages/nbclient/client.py", line 862, in async_execute_cell
    self._check_raise_for_error(cell, exec_reply)
  File "/Users/sophiaengstler/opt/anaconda3/envs/jbook/lib/python3.7/site-packages/nbclient/client.py", line 765, in _check_raise_for_error
    raise CellExecutionError.from_cell_and_msg(cell, exec_reply_content)
nbclient.exceptions.CellExecutionError: An error occurred while executing the following cell:
------------------
# Dump Pandas DataFrame to Excel sheet: XLS wird erstellt und in Verzeichnis geschrieben
writer = pd.ExcelWriter('data_report.xlsx', engine='xlsxwriter')
df_impact_total.to_excel(writer, sheet_name='Impact_foodproduction', startrow=1, index=False)
df_impact_steps.to_excel(writer, sheet_name='GHG_emissions_per_step', startrow=1, index=False)
df_world.to_excel(writer, sheet_name='Global_GHG_emissions', startrow=1, index=False)
df_impact_single.to_excel(writer, sheet_name='Impact_single_food', startrow=1, index=False)
df_diet.to_excel(writer, sheet_name='Impact_of_different_diets', startrow=1, index=False)
------------------

[0;31m---------------------------------------------------------------------------[0m
[0;31mModuleNotFoundError[0m                       Traceback (most recent call last)
[0;32m/var/folders/kw/s_xlzpvx06b3lqd79926zrb00000gn/T/ipykernel_38078/3656409933.py[0m in [0;36m<module>[0;34m[0m
[1;32m      1[0m [0;31m# Dump Pandas DataFrame to Excel sheet: XLS wird erstellt und in Verzeichnis geschrieben[0m[0;34m[0m[0;34m[0m[0;34m[0m[0m
[0;32m----> 2[0;31m [0mwriter[0m [0;34m=[0m [0mpd[0m[0;34m.[0m[0mExcelWriter[0m[0;34m([0m[0;34m'data_report.xlsx'[0m[0;34m,[0m [0mengine[0m[0;34m=[0m[0;34m'xlsxwriter'[0m[0;34m)[0m[0;34m[0m[0;34m[0m[0m
[0m[1;32m      3[0m [0mdf_impact_total[0m[0;34m.[0m[0mto_excel[0m[0;34m([0m[0mwriter[0m[0;34m,[0m [0msheet_name[0m[0;34m=[0m[0;34m'Impact_foodproduction'[0m[0;34m,[0m [0mstartrow[0m[0;34m=[0m[0;36m1[0m[0;34m,[0m [0mindex[0m[0;34m=[0m[0;32mFalse[0m[0;34m)[0m[0;34m[0m[0;34m[0m[0m
[1;32m      4[0m [0mdf_impact_steps[0m[0;34m.[0m[0mto_excel[0m[0;34m([0m[0mwriter[0m[0;34m,[0m [0msheet_name[0m[0;34m=[0m[0;34m'GHG_emissions_per_step'[0m[0;34m,[0m [0mstartrow[0m[0;34m=[0m[0;36m1[0m[0;34m,[0m [0mindex[0m[0;34m=[0m[0;32mFalse[0m[0;34m)[0m[0;34m[0m[0;34m[0m[0m
[1;32m      5[0m [0mdf_world[0m[0;34m.[0m[0mto_excel[0m[0;34m([0m[0mwriter[0m[0;34m,[0m [0msheet_name[0m[0;34m=[0m[0;34m'Global_GHG_emissions'[0m[0;34m,[0m [0mstartrow[0m[0;34m=[0m[0;36m1[0m[0;34m,[0m [0mindex[0m[0;34m=[0m[0;32mFalse[0m[0;34m)[0m[0;34m[0m[0;34m[0m[0m

[0;32m~/opt/anaconda3/envs/jbook/lib/python3.7/site-packages/pandas/io/excel/_xlsxwriter.py[0m in [0;36m__init__[0;34m(self, path, engine, date_format, datetime_format, mode, storage_options, if_sheet_exists, engine_kwargs, **kwargs)[0m
[1;32m    182[0m     ):
[1;32m    183[0m         [0;31m# Use the xlsxwriter module as the Excel writer.[0m[0;34m[0m[0;34m[0m[0;34m[0m[0m
[0;32m--> 184[0;31m         [0;32mfrom[0m [0mxlsxwriter[0m [0;32mimport[0m [0mWorkbook[0m[0;34m[0m[0;34m[0m[0m
[0m[1;32m    185[0m [0;34m[0m[0m
[1;32m    186[0m         [0mengine_kwargs[0m [0;34m=[0m [0mcombine_kwargs[0m[0;34m([0m[0mengine_kwargs[0m[0;34m,[0m [0mkwargs[0m[0;34m)[0m[0;34m[0m[0;34m[0m[0m

[0;31mModuleNotFoundError[0m: No module named 'xlsxwriter'
ModuleNotFoundError: No module named 'xlsxwriter'

